# JRE version: Java(TM) SE Runtime Environment (8.0_231-b11) (build 1.8.0_231-b11)
# Java VM: Java HotSpot(TM) 64-Bit Server VM (25.231-b11 mixed mode windows-amd64 compressed oops)
Heap:
 PSYoungGen      total 243712K, used 203189K [0x00000000d5580000, 0x00000000eb300000, 0x0000000100000000)
  eden space 223232K, 81% used [0x00000000d5580000,0x00000000e07f1120,0x00000000e2f80000)
  from space 20480K, 99% used [0x00000000e2f80000,0x00000000e437c4d0,0x00000000e4380000)
  to   space 25600K, 0% used [0x00000000e9a00000,0x00000000e9a00000,0x00000000eb300000)
 ParOldGen       total 112640K, used 47503K [0x0000000080000000, 0x0000000086e00000, 0x00000000d5580000)
  object space 112640K, 42% used [0x0000000080000000,0x0000000082e63e50,0x0000000086e00000)
 Metaspace       used 71013K, capacity 74358K, committed 74648K, reserved 1114112K
  class space    used 9762K, capacity 10623K, committed 10672K, reserved 1048576K
GC Heap History (10 events):
Event: 21.336 GC heap before
{Heap before GC invocations=12 (full 2):
 PSYoungGen      total 124416K, used 113152K [0x00000000d5580000, 0x00000000e0c00000, 0x0000000100000000)
  eden space 113152K, 100% used [0x00000000d5580000,0x00000000dc400000,0x00000000dc400000)
  from space 11264K, 0% used [0x00000000dc400000,0x00000000dc400000,0x00000000dcf00000)
  to   space 13312K, 0% used [0x00000000dff00000,0x00000000dff00000,0x00000000e0c00000)
 ParOldGen       total 75776K, used 20347K [0x0000000080000000, 0x0000000084a00000, 0x00000000d5580000)
  object space 75776K, 26% used [0x0000000080000000,0x00000000813defb8,0x0000000084a00000)
 Metaspace       used 45810K, capacity 46860K, committed 47152K, reserved 1089536K
  class space    used 6281K, capacity 6610K, committed 6704K, reserved 1048576K
Event: 21.359 GC heap after
Heap after GC invocations=12 (full 2):
 PSYoungGen      total 171008K, used 13294K [0x00000000d5580000, 0x00000000e1400000, 0x0000000100000000)
  eden space 157696K, 0% used [0x00000000d5580000,0x00000000d5580000,0x00000000def80000)
  from space 13312K, 99% used [0x00000000dff00000,0x00000000e0bfba98,0x00000000e0c00000)
  to   space 15872K, 0% used [0x00000000def80000,0x00000000def80000,0x00000000dff00000)
 ParOldGen       total 75776K, used 22512K [0x0000000080000000, 0x0000000084a00000, 0x00000000d5580000)
  object space 75776K, 29% used [0x0000000080000000,0x00000000815fc260,0x0000000084a00000)
 Metaspace       used 45810K, capacity 46860K, committed 47152K, reserved 1089536K
  class space    used 6281K, capacity 6610K, committed 6704K, reserved 1048576K
}
Event: 33.703 GC heap before
{Heap before GC invocations=13 (full 2):
 PSYoungGen      total 171008K, used 170990K [0x00000000d5580000, 0x00000000e1400000, 0x0000000100000000)
  eden space 157696K, 100% used [0x00000000d5580000,0x00000000def80000,0x00000000def80000)
  from space 13312K, 99% used [0x00000000dff00000,0x00000000e0bfba98,0x00000000e0c00000)
  to   space 15872K, 0% used [0x00000000def80000,0x00000000def80000,0x00000000dff00000)
 ParOldGen       total 75776K, used 22512K [0x0000000080000000, 0x0000000084a00000, 0x00000000d5580000)
  object space 75776K, 29% used [0x0000000080000000,0x00000000815fc260,0x0000000084a00000)
 Metaspace       used 54804K, capacity 56514K, committed 56880K, reserved 1097728K
  class space    used 7623K, capacity 8113K, committed 8240K, reserved 1048576K
Event: 33.741 GC heap after
Heap after GC invocations=13 (full 2):
 PSYoungGen      total 173568K, used 15868K [0x00000000d5580000, 0x00000000e5800000, 0x0000000100000000)
  eden space 157696K, 0% used [0x00000000d5580000,0x00000000d5580000,0x00000000def80000)
  from space 15872K, 99% used [0x00000000def80000,0x00000000dfeff030,0x00000000dff00000)
  to   space 20992K, 0% used [0x00000000e4380000,0x00000000e4380000,0x00000000e5800000)
 ParOldGen       total 75776K, used 31604K [0x0000000080000000, 0x0000000084a00000, 0x00000000d5580000)
  object space 75776K, 41% used [0x0000000080000000,0x0000000081edd128,0x0000000084a00000)
 Metaspace       used 54804K, capacity 56514K, committed 56880K, reserved 1097728K
  class space    used 7623K, capacity 8113K, committed 8240K, reserved 1048576K
}
Event: 34.415 GC heap before
{Heap before GC invocations=14 (full 2):
 PSYoungGen      total 173568K, used 78984K [0x00000000d5580000, 0x00000000e5800000, 0x0000000100000000)
  eden space 157696K, 40% used [0x00000000d5580000,0x00000000d93232e0,0x00000000def80000)
  from space 15872K, 99% used [0x00000000def80000,0x00000000dfeff030,0x00000000dff00000)
  to   space 20992K, 0% used [0x00000000e4380000,0x00000000e4380000,0x00000000e5800000)
 ParOldGen       total 75776K, used 31604K [0x0000000080000000, 0x0000000084a00000, 0x00000000d5580000)
  object space 75776K, 41% used [0x0000000080000000,0x0000000081edd128,0x0000000084a00000)
 Metaspace       used 57029K, capacity 59064K, committed 59160K, reserved 1099776K
  class space    used 7937K, capacity 8478K, committed 8496K, reserved 1048576K
Event: 34.436 GC heap after
Heap after GC invocations=14 (full 2):
 PSYoungGen      total 244224K, used 6726K [0x00000000d5580000, 0x00000000e5d00000, 0x0000000100000000)
  eden space 223232K, 0% used [0x00000000d5580000,0x00000000d5580000,0x00000000e2f80000)
  from space 20992K, 32% used [0x00000000e4380000,0x00000000e4a11858,0x00000000e5800000)
  to   space 20480K, 0% used [0x00000000e2f80000,0x00000000e2f80000,0x00000000e4380000)
 ParOldGen       total 75776K, used 41923K [0x0000000080000000, 0x0000000084a00000, 0x00000000d5580000)
  object space 75776K, 55% used [0x0000000080000000,0x00000000828f0f50,0x0000000084a00000)
 Metaspace       used 57029K, capacity 59064K, committed 59160K, reserved 1099776K
  class space    used 7937K, capacity 8478K, committed 8496K, reserved 1048576K
}
Event: 34.436 GC heap before
{Heap before GC invocations=15 (full 3):
 PSYoungGen      total 244224K, used 6726K [0x00000000d5580000, 0x00000000e5d00000, 0x0000000100000000)
  eden space 223232K, 0% used [0x00000000d5580000,0x00000000d5580000,0x00000000e2f80000)
  from space 20992K, 32% used [0x00000000e4380000,0x00000000e4a11858,0x00000000e5800000)
  to   space 20480K, 0% used [0x00000000e2f80000,0x00000000e2f80000,0x00000000e4380000)
 ParOldGen       total 75776K, used 41923K [0x0000000080000000, 0x0000000084a00000, 0x00000000d5580000)
  object space 75776K, 55% used [0x0000000080000000,0x00000000828f0f50,0x0000000084a00000)
 Metaspace       used 57029K, capacity 59064K, committed 59160K, reserved 1099776K
  class space    used 7937K, capacity 8478K, committed 8496K, reserved 1048576K
Event: 34.649 GC heap after
Heap after GC invocations=15 (full 3):
 PSYoungGen      total 244224K, used 0K [0x00000000d5580000, 0x00000000e5d00000, 0x0000000100000000)
  eden space 223232K, 0% used [0x00000000d5580000,0x00000000d5580000,0x00000000e2f80000)
  from space 20992K, 0% used [0x00000000e4380000,0x00000000e4380000,0x00000000e5800000)
  to   space 20480K, 0% used [0x00000000e2f80000,0x00000000e2f80000,0x00000000e4380000)
 ParOldGen       total 112640K, used 41275K [0x0000000080000000, 0x0000000086e00000, 0x00000000d5580000)
  object space 112640K, 36% used [0x0000000080000000,0x000000008284ecc0,0x0000000086e00000)
 Metaspace       used 57029K, capacity 59064K, committed 59160K, reserved 1099776K
  class space    used 7937K, capacity 8478K, committed 8496K, reserved 1048576K
}
Event: 41.358 GC heap before
{Heap before GC invocations=16 (full 3):
 PSYoungGen      total 244224K, used 223232K [0x00000000d5580000, 0x00000000e5d00000, 0x0000000100000000)
  eden space 223232K, 100% used [0x00000000d5580000,0x00000000e2f80000,0x00000000e2f80000)
  from space 20992K, 0% used [0x00000000e4380000,0x00000000e4380000,0x00000000e5800000)
  to   space 20480K, 0% used [0x00000000e2f80000,0x00000000e2f80000,0x00000000e4380000)
 ParOldGen       total 112640K, used 41275K [0x0000000080000000, 0x0000000086e00000, 0x00000000d5580000)
  object space 112640K, 36% used [0x0000000080000000,0x000000008284ecc0,0x0000000086e00000)
 Metaspace       used 65725K, capacity 68832K, committed 68888K, reserved 1107968K
  class space    used 9157K, capacity 10010K, committed 10032K, reserved 1048576K
Event: 41.398 GC heap after
Heap after GC invocations=16 (full 3):
 PSYoungGen      total 243712K, used 20465K [0x00000000d5580000, 0x00000000eb300000, 0x0000000100000000)
  eden space 223232K, 0% used [0x00000000d5580000,0x00000000d5580000,0x00000000e2f80000)
  from space 20480K, 99% used [0x00000000e2f80000,0x00000000e437c4d0,0x00000000e4380000)
  to   space 25600K, 0% used [0x00000000e9a00000,0x00000000e9a00000,0x00000000eb300000)
 ParOldGen       total 112640K, used 47503K [0x0000000080000000, 0x0000000086e00000, 0x00000000d5580000)
  object space 112640K, 42% used [0x0000000080000000,0x0000000082e63e50,0x0000000086e00000)
 Metaspace       used 65725K, capacity 68832K, committed 68888K, reserved 1107968K
  class space    used 9157K, capacity 10010K, committed 10032K, reserved 1048576K
}

